<?xml version="1.0" encoding="UTF-8"?>
<coverage generated="1750519208032" clover="3.2.0">
  <project timestamp="1750519208032" name="All files">
    <metrics statements="29" coveredstatements="20" conditionals="32" coveredconditionals="21" methods="6" coveredmethods="6" elements="67" coveredelements="47" complexity="0" loc="29" ncloc="29" packages="1" files="2" classes="2"/>
    <file name="gameboard.js" path="/home/brndn-do/repos/battleship/src/gameboard.js">
      <metrics statements="23" coveredstatements="14" conditionals="26" coveredconditionals="15" methods="3" coveredmethods="3"/>
      <line num="3" count="1" type="stmt"/>
      <line num="4" count="1" type="stmt"/>
      <line num="5" count="10" type="stmt"/>
      <line num="11" count="1" type="cond" truecount="1" falsecount="1"/>
      <line num="16" count="0" type="stmt"/>
      <line num="17" count="1" type="cond" truecount="1" falsecount="1"/>
      <line num="18" count="0" type="stmt"/>
      <line num="19" count="1" type="cond" truecount="3" falsecount="1"/>
      <line num="20" count="0" type="stmt"/>
      <line num="26" count="1" type="cond" truecount="2" falsecount="2"/>
      <line num="27" count="0" type="stmt"/>
      <line num="31" count="1" type="cond" truecount="1" falsecount="1"/>
      <line num="32" count="0" type="stmt"/>
      <line num="33" count="0" type="cond" truecount="0" falsecount="2"/>
      <line num="34" count="0" type="stmt"/>
      <line num="36" count="1" type="stmt"/>
      <line num="37" count="5" type="cond" truecount="1" falsecount="1"/>
      <line num="38" count="0" type="stmt"/>
      <line num="42" count="1" type="cond" truecount="1" falsecount="1"/>
      <line num="44" count="0" type="stmt"/>
      <line num="47" count="5" type="stmt"/>
      <line num="52" count="1" type="cond" truecount="1" falsecount="1"/>
      <line num="53" count="1" type="stmt"/>
    </file>
    <file name="ship.js" path="/home/brndn-do/repos/battleship/src/ship.js">
      <metrics statements="6" coveredstatements="6" conditionals="6" coveredconditionals="6" methods="3" coveredmethods="3"/>
      <line num="6" count="11" type="cond" truecount="4" falsecount="0"/>
      <line num="7" count="5" type="stmt"/>
      <line num="9" count="6" type="stmt"/>
      <line num="10" count="6" type="stmt"/>
      <line num="14" count="9" type="cond" truecount="2" falsecount="0"/>
      <line num="18" count="15" type="stmt"/>
    </file>
  </project>
</coverage>
