{"/home/brndn-do/repos/battleship/src/gameboard.js": {"path":"/home/brndn-do/repos/battleship/src/gameboard.js","statementMap":{"0":{"start":{"line":3,"column":4},"end":{"line":3,"column":30}},"1":{"start":{"line":4,"column":4},"end":{"line":6,"column":5}},"2":{"start":{"line":4,"column":17},"end":{"line":4,"column":18}},"3":{"start":{"line":5,"column":6},"end":{"line":5,"column":46}},"4":{"start":{"line":11,"column":4},"end":{"line":16,"column":65}},"5":{"start":{"line":16,"column":6},"end":{"line":16,"column":65}},"6":{"start":{"line":17,"column":4},"end":{"line":18,"column":52}},"7":{"start":{"line":18,"column":6},"end":{"line":18,"column":52}},"8":{"start":{"line":19,"column":4},"end":{"line":20,"column":66}},"9":{"start":{"line":20,"column":6},"end":{"line":20,"column":66}},"10":{"start":{"line":26,"column":4},"end":{"line":28,"column":5}},"11":{"start":{"line":27,"column":6},"end":{"line":27,"column":62}}},"fnMap":{"0":{"name":"(anonymous_0)","decl":{"start":{"line":2,"column":2},"end":{"line":2,"column":3}},"loc":{"start":{"line":2,"column":16},"end":{"line":7,"column":3}},"line":2},"1":{"name":"(anonymous_1)","decl":{"start":{"line":9,"column":2},"end":{"line":9,"column":3}},"loc":{"start":{"line":9,"column":40},"end":{"line":33,"column":3}},"line":9}},"branchMap":{"0":{"loc":{"start":{"line":9,"column":22},"end":{"line":9,"column":38}},"type":"default-arg","locations":[{"start":{"line":9,"column":33},"end":{"line":9,"column":38}}],"line":9},"1":{"loc":{"start":{"line":11,"column":4},"end":{"line":16,"column":65}},"type":"if","locations":[{"start":{"line":11,"column":4},"end":{"line":16,"column":65}},{"start":{},"end":{}}],"line":11},"2":{"loc":{"start":{"line":12,"column":6},"end":{"line":14,"column":31}},"type":"binary-expr","locations":[{"start":{"line":12,"column":6},"end":{"line":12,"column":26}},{"start":{"line":13,"column":6},"end":{"line":13,"column":26}},{"start":{"line":14,"column":6},"end":{"line":14,"column":31}}],"line":12},"3":{"loc":{"start":{"line":17,"column":4},"end":{"line":18,"column":52}},"type":"if","locations":[{"start":{"line":17,"column":4},"end":{"line":18,"column":52}},{"start":{},"end":{}}],"line":17},"4":{"loc":{"start":{"line":19,"column":4},"end":{"line":20,"column":66}},"type":"if","locations":[{"start":{"line":19,"column":4},"end":{"line":20,"column":66}},{"start":{},"end":{}}],"line":19},"5":{"loc":{"start":{"line":19,"column":8},"end":{"line":19,"column":32}},"type":"binary-expr","locations":[{"start":{"line":19,"column":8},"end":{"line":19,"column":18}},{"start":{"line":19,"column":22},"end":{"line":19,"column":32}}],"line":19},"6":{"loc":{"start":{"line":26,"column":4},"end":{"line":28,"column":5}},"type":"if","locations":[{"start":{"line":26,"column":4},"end":{"line":28,"column":5}},{"start":{},"end":{}}],"line":26},"7":{"loc":{"start":{"line":26,"column":9},"end":{"line":26,"column":25}},"type":"cond-expr","locations":[{"start":{"line":26,"column":20},"end":{"line":26,"column":21}},{"start":{"line":26,"column":24},"end":{"line":26,"column":25}}],"line":26}},"s":{"0":6,"1":6,"2":6,"3":60,"4":13,"5":6,"6":7,"7":1,"8":6,"9":2,"10":4,"11":2},"f":{"0":6,"1":13},"b":{"0":[10],"1":[6,7],"2":[13,11,9],"3":[1,6],"4":[2,4],"5":[6,5],"6":[2,2],"7":[2,2]},"_coverageSchema":"1a1c01bbd47fc00a2c39e90264f33305004495a9","hash":"74ff250a8cf57ceed90e20411dfb3395bfb39302"}
,"/home/brndn-do/repos/battleship/src/ship.js": {"path":"/home/brndn-do/repos/battleship/src/ship.js","statementMap":{"0":{"start":{"line":6,"column":4},"end":{"line":8,"column":5}},"1":{"start":{"line":7,"column":6},"end":{"line":7,"column":64}},"2":{"start":{"line":9,"column":4},"end":{"line":9,"column":25}},"3":{"start":{"line":10,"column":4},"end":{"line":10,"column":18}},"4":{"start":{"line":14,"column":4},"end":{"line":14,"column":36}},"5":{"start":{"line":14,"column":24},"end":{"line":14,"column":36}},"6":{"start":{"line":18,"column":4},"end":{"line":18,"column":36}}},"fnMap":{"0":{"name":"(anonymous_0)","decl":{"start":{"line":5,"column":2},"end":{"line":5,"column":3}},"loc":{"start":{"line":5,"column":22},"end":{"line":11,"column":3}},"line":5},"1":{"name":"(anonymous_1)","decl":{"start":{"line":13,"column":2},"end":{"line":13,"column":3}},"loc":{"start":{"line":13,"column":8},"end":{"line":15,"column":3}},"line":13},"2":{"name":"(anonymous_2)","decl":{"start":{"line":17,"column":2},"end":{"line":17,"column":3}},"loc":{"start":{"line":17,"column":11},"end":{"line":19,"column":3}},"line":17}},"branchMap":{"0":{"loc":{"start":{"line":6,"column":4},"end":{"line":8,"column":5}},"type":"if","locations":[{"start":{"line":6,"column":4},"end":{"line":8,"column":5}},{"start":{},"end":{}}],"line":6},"1":{"loc":{"start":{"line":6,"column":8},"end":{"line":6,"column":48}},"type":"binary-expr","locations":[{"start":{"line":6,"column":8},"end":{"line":6,"column":33}},{"start":{"line":6,"column":37},"end":{"line":6,"column":48}}],"line":6},"2":{"loc":{"start":{"line":14,"column":4},"end":{"line":14,"column":36}},"type":"if","locations":[{"start":{"line":14,"column":4},"end":{"line":14,"column":36}},{"start":{},"end":{}}],"line":14}},"s":{"0":11,"1":5,"2":6,"3":6,"4":9,"5":7,"6":15},"f":{"0":11,"1":9,"2":15},"b":{"0":[5,6],"1":[11,8],"2":[7,2]},"_coverageSchema":"1a1c01bbd47fc00a2c39e90264f33305004495a9","hash":"8d8d85fdbe662d27d6c8870fd2b8ffc2bc590f43"}
}
