{"/home/brndn-do/repos/battleship/src/gameboard.js": {"path":"/home/brndn-do/repos/battleship/src/gameboard.js","statementMap":{"0":{"start":{"line":3,"column":4},"end":{"line":3,"column":30}},"1":{"start":{"line":4,"column":4},"end":{"line":6,"column":5}},"2":{"start":{"line":4,"column":17},"end":{"line":4,"column":18}},"3":{"start":{"line":5,"column":6},"end":{"line":5,"column":46}},"4":{"start":{"line":11,"column":4},"end":{"line":16,"column":65}},"5":{"start":{"line":16,"column":6},"end":{"line":16,"column":65}},"6":{"start":{"line":17,"column":4},"end":{"line":18,"column":52}},"7":{"start":{"line":18,"column":6},"end":{"line":18,"column":52}},"8":{"start":{"line":19,"column":4},"end":{"line":20,"column":66}},"9":{"start":{"line":20,"column":6},"end":{"line":20,"column":66}},"10":{"start":{"line":26,"column":4},"end":{"line":28,"column":5}},"11":{"start":{"line":27,"column":6},"end":{"line":27,"column":61}},"12":{"start":{"line":31,"column":4},"end":{"line":39,"column":5}},"13":{"start":{"line":32,"column":6},"end":{"line":34,"column":67}},"14":{"start":{"line":32,"column":19},"end":{"line":32,"column":20}},"15":{"start":{"line":33,"column":8},"end":{"line":34,"column":67}},"16":{"start":{"line":34,"column":10},"end":{"line":34,"column":67}},"17":{"start":{"line":36,"column":6},"end":{"line":38,"column":67}},"18":{"start":{"line":36,"column":19},"end":{"line":36,"column":20}},"19":{"start":{"line":37,"column":8},"end":{"line":38,"column":67}},"20":{"start":{"line":38,"column":10},"end":{"line":38,"column":67}},"21":{"start":{"line":42,"column":4},"end":{"line":48,"column":5}},"22":{"start":{"line":44,"column":6},"end":{"line":44,"column":63}},"23":{"start":{"line":44,"column":19},"end":{"line":44,"column":20}},"24":{"start":{"line":44,"column":43},"end":{"line":44,"column":63}},"25":{"start":{"line":47,"column":6},"end":{"line":47,"column":63}},"26":{"start":{"line":47,"column":19},"end":{"line":47,"column":20}},"27":{"start":{"line":47,"column":43},"end":{"line":47,"column":63}},"28":{"start":{"line":53,"column":4},"end":{"line":54,"column":53}},"29":{"start":{"line":54,"column":6},"end":{"line":54,"column":53}},"30":{"start":{"line":55,"column":4},"end":{"line":55,"column":47}},"31":{"start":{"line":55,"column":34},"end":{"line":55,"column":47}}},"fnMap":{"0":{"name":"(anonymous_0)","decl":{"start":{"line":2,"column":2},"end":{"line":2,"column":3}},"loc":{"start":{"line":2,"column":16},"end":{"line":7,"column":3}},"line":2},"1":{"name":"(anonymous_1)","decl":{"start":{"line":9,"column":2},"end":{"line":9,"column":3}},"loc":{"start":{"line":9,"column":40},"end":{"line":49,"column":3}},"line":9},"2":{"name":"(anonymous_2)","decl":{"start":{"line":51,"column":2},"end":{"line":51,"column":3}},"loc":{"start":{"line":51,"column":22},"end":{"line":56,"column":3}},"line":51}},"branchMap":{"0":{"loc":{"start":{"line":9,"column":22},"end":{"line":9,"column":38}},"type":"default-arg","locations":[{"start":{"line":9,"column":33},"end":{"line":9,"column":38}}],"line":9},"1":{"loc":{"start":{"line":11,"column":4},"end":{"line":16,"column":65}},"type":"if","locations":[{"start":{"line":11,"column":4},"end":{"line":16,"column":65}},{"start":{},"end":{}}],"line":11},"2":{"loc":{"start":{"line":12,"column":6},"end":{"line":14,"column":31}},"type":"binary-expr","locations":[{"start":{"line":12,"column":6},"end":{"line":12,"column":26}},{"start":{"line":13,"column":6},"end":{"line":13,"column":26}},{"start":{"line":14,"column":6},"end":{"line":14,"column":31}}],"line":12},"3":{"loc":{"start":{"line":17,"column":4},"end":{"line":18,"column":52}},"type":"if","locations":[{"start":{"line":17,"column":4},"end":{"line":18,"column":52}},{"start":{},"end":{}}],"line":17},"4":{"loc":{"start":{"line":19,"column":4},"end":{"line":20,"column":66}},"type":"if","locations":[{"start":{"line":19,"column":4},"end":{"line":20,"column":66}},{"start":{},"end":{}}],"line":19},"5":{"loc":{"start":{"line":19,"column":8},"end":{"line":19,"column":32}},"type":"binary-expr","locations":[{"start":{"line":19,"column":8},"end":{"line":19,"column":18}},{"start":{"line":19,"column":22},"end":{"line":19,"column":32}}],"line":19},"6":{"loc":{"start":{"line":26,"column":4},"end":{"line":28,"column":5}},"type":"if","locations":[{"start":{"line":26,"column":4},"end":{"line":28,"column":5}},{"start":{},"end":{}}],"line":26},"7":{"loc":{"start":{"line":26,"column":9},"end":{"line":26,"column":25}},"type":"cond-expr","locations":[{"start":{"line":26,"column":20},"end":{"line":26,"column":21}},{"start":{"line":26,"column":24},"end":{"line":26,"column":25}}],"line":26},"8":{"loc":{"start":{"line":31,"column":4},"end":{"line":39,"column":5}},"type":"if","locations":[{"start":{"line":31,"column":4},"end":{"line":39,"column":5}},{"start":{"line":35,"column":11},"end":{"line":39,"column":5}}],"line":31},"9":{"loc":{"start":{"line":33,"column":8},"end":{"line":34,"column":67}},"type":"if","locations":[{"start":{"line":33,"column":8},"end":{"line":34,"column":67}},{"start":{},"end":{}}],"line":33},"10":{"loc":{"start":{"line":37,"column":8},"end":{"line":38,"column":67}},"type":"if","locations":[{"start":{"line":37,"column":8},"end":{"line":38,"column":67}},{"start":{},"end":{}}],"line":37},"11":{"loc":{"start":{"line":42,"column":4},"end":{"line":48,"column":5}},"type":"if","locations":[{"start":{"line":42,"column":4},"end":{"line":48,"column":5}},{"start":{"line":45,"column":11},"end":{"line":48,"column":5}}],"line":42},"12":{"loc":{"start":{"line":53,"column":4},"end":{"line":54,"column":53}},"type":"if","locations":[{"start":{"line":53,"column":4},"end":{"line":54,"column":53}},{"start":{},"end":{}}],"line":53},"13":{"loc":{"start":{"line":53,"column":8},"end":{"line":53,"column":40}},"type":"binary-expr","locations":[{"start":{"line":53,"column":8},"end":{"line":53,"column":13}},{"start":{"line":53,"column":17},"end":{"line":53,"column":22}},{"start":{"line":53,"column":26},"end":{"line":53,"column":31}},{"start":{"line":53,"column":35},"end":{"line":53,"column":40}}],"line":53},"14":{"loc":{"start":{"line":55,"column":4},"end":{"line":55,"column":47}},"type":"if","locations":[{"start":{"line":55,"column":4},"end":{"line":55,"column":47}},{"start":{},"end":{}}],"line":55}},"s":{"0":10,"1":10,"2":10,"3":100,"4":22,"5":6,"6":16,"7":1,"8":15,"9":2,"10":13,"11":3,"12":10,"13":2,"14":2,"15":5,"16":0,"17":8,"18":8,"19":32,"20":2,"21":8,"22":2,"23":2,"24":5,"25":6,"26":6,"27":27,"28":5,"29":4,"30":1,"31":1},"f":{"0":10,"1":22,"2":5},"b":{"0":[18],"1":[6,16],"2":[22,20,18],"3":[1,15],"4":[2,13],"5":[15,14],"6":[3,10],"7":[3,10],"8":[2,8],"9":[0,5],"10":[2,30],"11":[2,6],"12":[4,1],"13":[5,4,3,2],"14":[1,0]},"_coverageSchema":"1a1c01bbd47fc00a2c39e90264f33305004495a9","hash":"442bf2d329564d9cf1ada2c30ee9323fd9f0e169"}
,"/home/brndn-do/repos/battleship/src/ship.js": {"path":"/home/brndn-do/repos/battleship/src/ship.js","statementMap":{"0":{"start":{"line":6,"column":4},"end":{"line":8,"column":5}},"1":{"start":{"line":7,"column":6},"end":{"line":7,"column":64}},"2":{"start":{"line":9,"column":4},"end":{"line":9,"column":25}},"3":{"start":{"line":10,"column":4},"end":{"line":10,"column":18}},"4":{"start":{"line":14,"column":4},"end":{"line":14,"column":36}},"5":{"start":{"line":14,"column":24},"end":{"line":14,"column":36}},"6":{"start":{"line":18,"column":4},"end":{"line":18,"column":36}}},"fnMap":{"0":{"name":"(anonymous_0)","decl":{"start":{"line":5,"column":2},"end":{"line":5,"column":3}},"loc":{"start":{"line":5,"column":22},"end":{"line":11,"column":3}},"line":5},"1":{"name":"(anonymous_1)","decl":{"start":{"line":13,"column":2},"end":{"line":13,"column":3}},"loc":{"start":{"line":13,"column":8},"end":{"line":15,"column":3}},"line":13},"2":{"name":"(anonymous_2)","decl":{"start":{"line":17,"column":2},"end":{"line":17,"column":3}},"loc":{"start":{"line":17,"column":11},"end":{"line":19,"column":3}},"line":17}},"branchMap":{"0":{"loc":{"start":{"line":6,"column":4},"end":{"line":8,"column":5}},"type":"if","locations":[{"start":{"line":6,"column":4},"end":{"line":8,"column":5}},{"start":{},"end":{}}],"line":6},"1":{"loc":{"start":{"line":6,"column":8},"end":{"line":6,"column":48}},"type":"binary-expr","locations":[{"start":{"line":6,"column":8},"end":{"line":6,"column":33}},{"start":{"line":6,"column":37},"end":{"line":6,"column":48}}],"line":6},"2":{"loc":{"start":{"line":14,"column":4},"end":{"line":14,"column":36}},"type":"if","locations":[{"start":{"line":14,"column":4},"end":{"line":14,"column":36}},{"start":{},"end":{}}],"line":14}},"s":{"0":11,"1":5,"2":6,"3":6,"4":9,"5":7,"6":15},"f":{"0":11,"1":9,"2":15},"b":{"0":[5,6],"1":[11,8],"2":[7,2]},"_coverageSchema":"1a1c01bbd47fc00a2c39e90264f33305004495a9","hash":"8d8d85fdbe662d27d6c8870fd2b8ffc2bc590f43"}
}
