TN:
SF:src/gameboard.js
FN:2,(anonymous_0)
FN:9,(anonymous_1)
FN:51,(anonymous_2)
FNF:3
FNH:3
FNDA:10,(anonymous_0)
FNDA:22,(anonymous_1)
FNDA:5,(anonymous_2)
DA:3,10
DA:4,10
DA:5,100
DA:11,22
DA:16,6
DA:17,16
DA:18,1
DA:19,15
DA:20,2
DA:26,13
DA:27,3
DA:31,10
DA:32,2
DA:33,5
DA:34,0
DA:36,8
DA:37,32
DA:38,2
DA:42,8
DA:44,5
DA:47,27
DA:53,5
DA:54,4
DA:55,1
LF:24
LH:23
BRDA:9,0,0,18
BRDA:11,1,0,6
BRDA:11,1,1,16
BRDA:12,2,0,22
BRDA:12,2,1,20
BRDA:12,2,2,18
BRDA:17,3,0,1
BRDA:17,3,1,15
BRDA:19,4,0,2
BRDA:19,4,1,13
BRDA:19,5,0,15
BRDA:19,5,1,14
BRDA:26,6,0,3
BRDA:26,6,1,10
BRDA:26,7,0,3
BRDA:26,7,1,10
BRDA:31,8,0,2
BRDA:31,8,1,8
BRDA:33,9,0,0
BRDA:33,9,1,5
BRDA:37,10,0,2
BRDA:37,10,1,30
BRDA:42,11,0,2
BRDA:42,11,1,6
BRDA:53,12,0,4
BRDA:53,12,1,1
BRDA:53,13,0,5
BRDA:53,13,1,4
BRDA:53,13,2,3
BRDA:53,13,3,2
BRDA:55,14,0,1
BRDA:55,14,1,0
BRF:32
BRH:30
end_of_record
TN:
SF:src/ship.js
FN:5,(anonymous_0)
FN:13,(anonymous_1)
FN:17,(anonymous_2)
FNF:3
FNH:3
FNDA:11,(anonymous_0)
FNDA:9,(anonymous_1)
FNDA:15,(anonymous_2)
DA:6,11
DA:7,5
DA:9,6
DA:10,6
DA:14,9
DA:18,15
LF:6
LH:6
BRDA:6,0,0,5
BRDA:6,0,1,6
BRDA:6,1,0,11
BRDA:6,1,1,8
BRDA:14,2,0,7
BRDA:14,2,1,2
BRF:6
BRH:6
end_of_record
