TN:
SF:src/gameboard.js
FN:2,(anonymous_0)
FN:9,(anonymous_1)
FN:51,(anonymous_2)
FNF:3
FNH:3
FNDA:1,(anonymous_0)
FNDA:1,(anonymous_1)
FNDA:1,(anonymous_2)
DA:3,1
DA:4,1
DA:5,10
DA:11,1
DA:16,0
DA:17,1
DA:18,0
DA:19,1
DA:20,0
DA:26,1
DA:27,0
DA:31,1
DA:32,0
DA:33,0
DA:34,0
DA:36,1
DA:37,5
DA:38,0
DA:42,1
DA:44,0
DA:47,5
DA:52,1
DA:53,1
LF:23
LH:14
BRDA:9,0,0,1
BRDA:11,1,0,0
BRDA:11,1,1,1
BRDA:12,2,0,1
BRDA:12,2,1,1
BRDA:12,2,2,1
BRDA:17,3,0,0
BRDA:17,3,1,1
BRDA:19,4,0,0
BRDA:19,4,1,1
BRDA:19,5,0,1
BRDA:19,5,1,1
BRDA:26,6,0,0
BRDA:26,6,1,1
BRDA:26,7,0,0
BRDA:26,7,1,1
BRDA:31,8,0,0
BRDA:31,8,1,1
BRDA:33,9,0,0
BRDA:33,9,1,0
BRDA:37,10,0,0
BRDA:37,10,1,5
BRDA:42,11,0,0
BRDA:42,11,1,1
BRDA:52,12,0,1
BRDA:52,12,1,0
BRF:26
BRH:15
end_of_record
TN:
SF:src/ship.js
FN:5,(anonymous_0)
FN:13,(anonymous_1)
FN:17,(anonymous_2)
FNF:3
FNH:3
FNDA:11,(anonymous_0)
FNDA:9,(anonymous_1)
FNDA:15,(anonymous_2)
DA:6,11
DA:7,5
DA:9,6
DA:10,6
DA:14,9
DA:18,15
LF:6
LH:6
BRDA:6,0,0,5
BRDA:6,0,1,6
BRDA:6,1,0,11
BRDA:6,1,1,8
BRDA:14,2,0,7
BRDA:14,2,1,2
BRF:6
BRH:6
end_of_record
